<?xml version="1.0" encoding="UTF-8"?>
<!-- Generated by org.testng.reporters.JUnitXMLReporter -->
<testsuite ignored="0" hostname="DESKTOP-KNLD68D" failures="1" tests="3" name="Surefire test" time="17.78" errors="0" timestamp="2026-01-13T18:53:54 IST">
  <testcase classname="io.cucumber.testng.AbstractTestNGCucumberTests" name="runScenario" time="0.236">
    <failure type="java.lang.NullPointerException" message="Cannot invoke &amp;quot;org.openqa.selenium.WebDriver.findElement(org.openqa.selenium.By)&amp;quot; because &amp;quot;this.driver&amp;quot; is null">
      <![CDATA[java.lang.NullPointerException: Cannot invoke "org.openqa.selenium.WebDriver.findElement(org.openqa.selenium.By)" because "this.driver" is null
at com.testautomation.hybrid.pages.LoginPage.enterUsername(LoginPage.java:21)
at com.testautomation.hybrid.pages.LoginPage.login(LoginPage.java:33)
at com.testautomation.hybrid.stepdefinitions.LoginSteps.user_enters_and(LoginSteps.java:24)
at ✽.user enters "standard_user" and "secret_sauce"(file:///C:/Users/ADMIN/eclipse-workspace/HybridAutomationFramework/src/test/resources/features/login.feature:6)
]]>
    </failure>
  </testcase> <!-- runScenario -->
  <testcase classname="com.testautomation.hybrid.tests.LoginTest" name="verifyValidLogin" time="0.794"/>
  <testcase classname="com.testautomation.hybrid.tests.SampleTest" name="openAUT" time="0.033"/>
</testsuite> <!-- Surefire test -->
