<?xml version="1.0" encoding="UTF-8"?>
<testsuite xmlns:xsi="http://www.w3.org/2001/XMLSchema-instance" xsi:noNamespaceSchemaLocation="https://maven.apache.org/surefire/maven-surefire-plugin/xsd/surefire-test-report-3.0.xsd" version="3.0" name="TestSuite" time="19.362" tests="3" errors="0" skipped="0" failures="1">
  <properties>
[...]
</properties>
  <testcase name="runScenario[&quot;Valid user should login successfully&quot;, &quot;SauceDemo Login&quot;](1)" classname="com.testautomation.hybrid.runners.TestRunner" time="0.245">
    <failure message="Cannot invoke &quot;org.openqa.selenium.WebDriver.findElement(org.openqa.selenium.By)&quot; because &quot;this.driver&quot; is null" type="java.lang.NullPointerException"><![CDATA[java.lang.NullPointerException: Cannot invoke "org.openqa.selenium.WebDriver.findElement(org.openqa.selenium.By)" because "this.driver" is null
	at com.testautomation.hybrid.pages.LoginPage.enterUsername(LoginPage.java:21)
	at com.testautomation.hybrid.pages.LoginPage.login(LoginPage.java:33)
	at com.testautomation.hybrid.stepdefinitions.LoginSteps.user_enters_and(LoginSteps.java:24)
	at ✽.user enters "standard_user" and "secret_sauce"(file:///C:/Users/ADMIN/eclipse-workspace/HybridAutomationFramework/src/test/resources/features/login.feature:6)
]]></failure>
    <system-out><![CDATA[
@smoke
Scenario Outline: Valid user should login successfully # src/test/resources/features/login.feature:12
  Given user is on login page                          # com.testautomation.hybrid.stepdefinitions.LoginSteps.user_is_on_login_page()
  When user enters "standard_user" and "secret_sauce"  # com.testautomation.hybrid.stepdefinitions.LoginSteps.user_enters_and(java.lang.String,java.lang.String)
      java.lang.NullPointerException: Cannot invoke "org.openqa.selenium.WebDriver.findElement(org.openqa.selenium.By)" because "this.driver" is null
	at com.testautomation.hybrid.pages.LoginPage.enterUsername(LoginPage.java:21)
	at com.testautomation.hybrid.pages.LoginPage.login(LoginPage.java:33)
	at com.testautomation.hybrid.stepdefinitions.LoginSteps.user_enters_and(LoginSteps.java:24)
	at ✽.user enters "standard_user" and "secret_sauce"(file:///C:/Users/ADMIN/eclipse-workspace/HybridAutomationFramework/src/test/resources/features/login.feature:6)

  And user clicks login button                         # com.testautomation.hybrid.stepdefinitions.LoginSteps.user_clicks_login_button()
  Then user should be redirected to home page          # com.testautomation.hybrid.stepdefinitions.LoginSteps.user_should_be_redirected_to_home_page()
]]></system-out>
    <system-err><![CDATA[SLF4J: Failed to load class "org.slf4j.impl.StaticLoggerBinder".
SLF4J: Defaulting to no-operation (NOP) logger implementation
SLF4J: See http://www.slf4j.org/codes.html#StaticLoggerBinder for further details.
]]></system-err>
  </testcase>
  <testcase name="verifyValidLogin" classname="com.testautomation.hybrid.tests.LoginTest" time="0.803">
    <system-out><![CDATA[Browser: chrome, URL: https://www.saucedemo.com
]]></system-out>
    <system-err><![CDATA[Jan 13, 2026 6:53:41 PM org.openqa.selenium.devtools.CdpVersionFinder findNearestMatch
WARNING: Unable to find CDP implementation matching 143
Jan 13, 2026 6:53:41 PM org.openqa.selenium.chromium.ChromiumDriver lambda$new$5
WARNING: Unable to find version of CDP to use for 143.0.7499.193. You may need to include a dependency on a specific version of the CDP using something similar to `org.seleniumhq.selenium:selenium-devtools-v86:4.17.0` where the version ("v86") matches the version of the chromium-based browser you're using and the version number of the artifact is the same as Selenium's.
]]></system-err>
  </testcase>
  <testcase name="openAUT" classname="com.testautomation.hybrid.tests.SampleTest" time="0.031">
    <system-out><![CDATA[Browser: chrome, URL: https://www.saucedemo.com
Title of page: Swag Labs
]]></system-out>
    <system-err><![CDATA[Jan 13, 2026 6:53:49 PM org.openqa.selenium.devtools.CdpVersionFinder findNearestMatch
WARNING: Unable to find CDP implementation matching 143
Jan 13, 2026 6:53:49 PM org.openqa.selenium.chromium.ChromiumDriver lambda$new$5
WARNING: Unable to find version of CDP to use for 143.0.7499.193. You may need to include a dependency on a specific version of the CDP using something similar to `org.seleniumhq.selenium:selenium-devtools-v86:4.17.0` where the version ("v86") matches the version of the chromium-based browser you're using and the version number of the artifact is the same as Selenium's.
]]></system-err>
  </testcase>
</testsuite>