<?xml version="1.0" encoding="UTF-8"?>
<testng-results ignored="0" total="3" passed="2" failed="1" skipped="0">
  <reporter-output>
  </reporter-output>
  <suite started-at="2026-01-13T18:53:36 IST" name="Surefire suite" finished-at="2026-01-13T18:53:54 IST" duration-ms="17780">
    <groups>
      <group name="cucumber">
        <method signature="AbstractTestNGCucumberTests.runScenario(io.cucumber.testng.PickleWrapper,io.cucumber.testng.FeatureWrapper)[pri:0, instance:com.testautomation.hybrid.runners.TestRunner@70e8f8e]" name="runScenario" class="io.cucumber.testng.AbstractTestNGCucumberTests"/>
      </group> <!-- cucumber -->
    </groups>
    <test started-at="2026-01-13T18:53:36 IST" name="Surefire test" finished-at="2026-01-13T18:53:54 IST" duration-ms="17780">
      <class name="com.testautomation.hybrid.tests.SampleTest">
        <test-method is-config="true" signature="setUp()[pri:0, instance:com.testautomation.hybrid.tests.SampleTest@636be97c]" started-at="2026-01-13T18:53:47 IST" name="setUp" finished-at="2026-01-13T18:53:51 IST" duration-ms="3808" status="PASS">
          <reporter-output>
          </reporter-output>
        </test-method> <!-- setUp -->
        <test-method signature="openAUT()[pri:0, instance:com.testautomation.hybrid.tests.SampleTest@636be97c]" started-at="2026-01-13T18:53:51 IST" name="openAUT" finished-at="2026-01-13T18:53:51 IST" duration-ms="33" status="PASS">
          <reporter-output>
          </reporter-output>
        </test-method> <!-- openAUT -->
        <test-method is-config="true" signature="tearDown()[pri:0, instance:com.testautomation.hybrid.tests.SampleTest@636be97c]" started-at="2026-01-13T18:53:51 IST" name="tearDown" finished-at="2026-01-13T18:53:54 IST" duration-ms="3281" status="PASS">
          <reporter-output>
          </reporter-output>
        </test-method> <!-- tearDown -->
      </class> <!-- com.testautomation.hybrid.tests.SampleTest -->
      <class name="com.testautomation.hybrid.tests.LoginTest">
        <test-method is-config="true" signature="setUp()[pri:0, instance:com.testautomation.hybrid.tests.LoginTest@64cd705f]" started-at="2026-01-13T18:53:38 IST" name="setUp" finished-at="2026-01-13T18:53:43 IST" duration-ms="4671" status="PASS">
          <reporter-output>
          </reporter-output>
        </test-method> <!-- setUp -->
        <test-method signature="verifyValidLogin()[pri:0, instance:com.testautomation.hybrid.tests.LoginTest@64cd705f]" started-at="2026-01-13T18:53:43 IST" name="verifyValidLogin" finished-at="2026-01-13T18:53:43 IST" duration-ms="794" status="PASS">
          <reporter-output>
          </reporter-output>
        </test-method> <!-- verifyValidLogin -->
        <test-method is-config="true" signature="tearDown()[pri:0, instance:com.testautomation.hybrid.tests.LoginTest@64cd705f]" started-at="2026-01-13T18:53:43 IST" name="tearDown" finished-at="2026-01-13T18:53:47 IST" duration-ms="3538" status="PASS">
          <reporter-output>
          </reporter-output>
        </test-method> <!-- tearDown -->
      </class> <!-- com.testautomation.hybrid.tests.LoginTest -->
      <class name="com.testautomation.hybrid.runners.TestRunner">
        <test-method is-config="true" signature="setUpClass(org.testng.ITestContext)[pri:0, instance:com.testautomation.hybrid.runners.TestRunner@70e8f8e]" started-at="2026-01-13T18:53:36 IST" name="setUpClass" finished-at="2026-01-13T18:53:38 IST" duration-ms="1171" status="PASS">
          <params>
            <param index="0">
              <value>
                <![CDATA[org.testng.TestRunner@4d96250]]>
              </value>
            </param>
          </params>
          <reporter-output>
          </reporter-output>
        </test-method> <!-- setUpClass -->
        <test-method signature="runScenario(io.cucumber.testng.PickleWrapper,io.cucumber.testng.FeatureWrapper)[pri:0, instance:com.testautomation.hybrid.runners.TestRunner@70e8f8e]" started-at="2026-01-13T18:53:38 IST" name="runScenario" description="Runs Cucumber Scenarios" data-provider="scenarios" finished-at="2026-01-13T18:53:38 IST" duration-ms="236" status="FAIL">
          <params>
            <param index="0">
              <value>
                <![CDATA["Valid user should login successfully"]]>
              </value>
            </param>
            <param index="1">
              <value>
                <![CDATA["SauceDemo Login"]]>
              </value>
            </param>
          </params>
          <exception class="java.lang.NullPointerException">
            <message>
              <![CDATA[Cannot invoke "org.openqa.selenium.WebDriver.findElement(org.openqa.selenium.By)" because "this.driver" is null]]>
            </message>
            <full-stacktrace>
              <![CDATA[java.lang.NullPointerException: Cannot invoke "org.openqa.selenium.WebDriver.findElement(org.openqa.selenium.By)" because "this.driver" is null
at com.testautomation.hybrid.pages.LoginPage.enterUsername(LoginPage.java:21)
at com.testautomation.hybrid.pages.LoginPage.login(LoginPage.java:33)
at com.testautomation.hybrid.stepdefinitions.LoginSteps.user_enters_and(LoginSteps.java:24)
at ✽.user enters "standard_user" and "secret_sauce"(file:///C:/Users/ADMIN/eclipse-workspace/HybridAutomationFramework/src/test/resources/features/login.feature:6)
]]>
            </full-stacktrace>
          </exception> <!-- java.lang.NullPointerException -->
          <reporter-output>
          </reporter-output>
        </test-method> <!-- runScenario -->
        <test-method is-config="true" signature="tearDownClass()[pri:0, instance:com.testautomation.hybrid.runners.TestRunner@70e8f8e]" started-at="2026-01-13T18:53:38 IST" name="tearDownClass" finished-at="2026-01-13T18:53:38 IST" duration-ms="121" status="PASS">
          <reporter-output>
          </reporter-output>
        </test-method> <!-- tearDownClass -->
      </class> <!-- com.testautomation.hybrid.runners.TestRunner -->
    </test> <!-- Surefire test -->
  </suite> <!-- Surefire suite -->
</testng-results>
