<?xml version="1.0" encoding="UTF-8"?>
<testng-results ignored="0" total="3" passed="3" failed="0" skipped="0">
  <reporter-output>
  </reporter-output>
  <suite started-at="2026-01-15T13:44:24 IST" name="Default suite" finished-at="2026-01-15T13:45:34 IST" duration-ms="70203">
    <groups>
      <group name="cucumber">
        <method signature="AbstractTestNGCucumberTests.runScenario(io.cucumber.testng.PickleWrapper,io.cucumber.testng.FeatureWrapper)[pri:0, instance:com.testautomation.hybrid.runners.TestRunner@f5958c9]" name="runScenario" class="io.cucumber.testng.AbstractTestNGCucumberTests"/>
      </group> <!-- cucumber -->
    </groups>
    <test started-at="2026-01-15T13:44:24 IST" name="Default test" finished-at="2026-01-15T13:45:34 IST" duration-ms="70203">
      <class name="com.testautomation.hybrid.runners.TestRunner">
        <test-method is-config="true" signature="setUpClass(org.testng.ITestContext)[pri:0, instance:com.testautomation.hybrid.runners.TestRunner@f5958c9]" started-at="2026-01-15T13:44:24 IST" name="setUpClass" finished-at="2026-01-15T13:44:25 IST" duration-ms="1001" status="PASS">
          <params>
            <param index="0">
              <value>
                <![CDATA[org.testng.TestRunner@5885e231]]>
              </value>
            </param>
          </params>
          <reporter-output>
          </reporter-output>
        </test-method> <!-- setUpClass -->
        <test-method signature="runScenario(io.cucumber.testng.PickleWrapper,io.cucumber.testng.FeatureWrapper)[pri:0, instance:com.testautomation.hybrid.runners.TestRunner@f5958c9]" started-at="2026-01-15T13:44:25 IST" name="runScenario" description="Runs Cucumber Scenarios" data-provider="scenarios" finished-at="2026-01-15T13:45:05 IST" duration-ms="40301" status="PASS">
          <params>
            <param index="0">
              <value>
                <![CDATA["User adds multiple products to cart and logs out successfully"]]>
              </value>
            </param>
            <param index="1">
              <value>
                <![CDATA["Add product to cart and logout"]]>
              </value>
            </param>
          </params>
          <reporter-output>
          </reporter-output>
        </test-method> <!-- runScenario -->
        <test-method signature="runScenario(io.cucumber.testng.PickleWrapper,io.cucumber.testng.FeatureWrapper)[pri:0, instance:com.testautomation.hybrid.runners.TestRunner@f5958c9]" started-at="2026-01-15T13:45:05 IST" name="runScenario" description="Runs Cucumber Scenarios" data-provider="scenarios" finished-at="2026-01-15T13:45:13 IST" duration-ms="8142" status="PASS">
          <params>
            <param index="0">
              <value>
                <![CDATA["Valid user should login successfully using Excel data"]]>
              </value>
            </param>
            <param index="1">
              <value>
                <![CDATA["SauceDemo Login"]]>
              </value>
            </param>
          </params>
          <reporter-output>
          </reporter-output>
        </test-method> <!-- runScenario -->
        <test-method signature="runScenario(io.cucumber.testng.PickleWrapper,io.cucumber.testng.FeatureWrapper)[pri:0, instance:com.testautomation.hybrid.runners.TestRunner@f5958c9]" started-at="2026-01-15T13:45:13 IST" name="runScenario" description="Runs Cucumber Scenarios" data-provider="scenarios" finished-at="2026-01-15T13:45:34 IST" duration-ms="20597" status="PASS">
          <params>
            <param index="0">
              <value>
                <![CDATA["User logs out successfully"]]>
              </value>
            </param>
            <param index="1">
              <value>
                <![CDATA["Logout"]]>
              </value>
            </param>
          </params>
          <reporter-output>
          </reporter-output>
        </test-method> <!-- runScenario -->
        <test-method is-config="true" signature="tearDownClass()[pri:0, instance:com.testautomation.hybrid.runners.TestRunner@f5958c9]" started-at="2026-01-15T13:45:34 IST" name="tearDownClass" finished-at="2026-01-15T13:45:34 IST" duration-ms="55" status="PASS">
          <reporter-output>
          </reporter-output>
        </test-method> <!-- tearDownClass -->
      </class> <!-- com.testautomation.hybrid.runners.TestRunner -->
    </test> <!-- Default test -->
  </suite> <!-- Default suite -->
</testng-results>
