<?xml version="1.0" encoding="UTF-8"?>
<!-- Generated by org.testng.reporters.JUnitReportReporter -->
<testsuite hostname="DESKTOP-KNLD68D" failures="0" tests="3" name="com.testautomation.hybrid.runners.TestRunner" time="69.040" errors="0" timestamp="2026-01-15T13:45:35 IST" skipped="0">
  <testcase classname="com.testautomation.hybrid.runners.TestRunner" name="runScenario" time="40.301"/>
  <testcase classname="com.testautomation.hybrid.runners.TestRunner" name="runScenario" time="20.597"/>
  <testcase classname="com.testautomation.hybrid.runners.TestRunner" name="runScenario" time="8.142"/>
</testsuite> <!-- com.testautomation.hybrid.runners.TestRunner -->
