<?xml version="1.0" encoding="UTF-8"?>
<!-- Generated by org.testng.reporters.JUnitReportReporter -->
<testsuite hostname="DESKTOP-KNLD68D" failures="0" tests="1" name="com.testautomation.hybrid.runners.TestRunner" time="0.236" errors="1" timestamp="2026-01-13T18:53:54 IST" skipped="0">
  <testcase classname="com.testautomation.hybrid.runners.TestRunner" name="runScenario" time="0.236">
    <error message="Cannot invoke &quot;org.openqa.selenium.WebDriver.findElement(org.openqa.selenium.By)&quot; because &quot;this.driver&quot; is null" type="java.lang.NullPointerException">
      <![CDATA[java.lang.NullPointerException: Cannot invoke "org.openqa.selenium.WebDriver.findElement(org.openqa.selenium.By)" because "this.driver" is null
at com.testautomation.hybrid.pages.LoginPage.enterUsername(LoginPage.java:21)
at com.testautomation.hybrid.pages.LoginPage.login(LoginPage.java:33)
at com.testautomation.hybrid.stepdefinitions.LoginSteps.user_enters_and(LoginSteps.java:24)
at ✽.user enters "standard_user" and "secret_sauce"(file:///C:/Users/ADMIN/eclipse-workspace/HybridAutomationFramework/src/test/resources/features/login.feature:6)
]]>
    </error>
  </testcase> <!-- runScenario -->
</testsuite> <!-- com.testautomation.hybrid.runners.TestRunner -->
